Case #1: our language is impossible to understand
Case #2: there are twenty six factorial possibilities
Case #3: so it is okay if you want to just give up
Case #4: xoggk d yl wxo vkkvgo ekso uyl wonw sywy
Case #5: xkf yto akj
Case #6: yabba dabba yabba dabba yabba dabba yabba dabba yabba dabba yabba dabba yabba dabba yabba dooooooooo
Case #7: a b c d e f g h i j k l m n o p q r s t u v y w x y z now i know my abcs
Case #8: next time wont you sing with me
Case #9: i have bested fruit spike and moon now i shall best you the guy
Case #10: friends dont let friends let scientific progress go boink
Case #11: an eye for an eye and a pigeon for a pigeon
Case #12: oh nooooo goggalor is headed for the orphanage
Case #13: oh my god lets make out
Case #14: let lips do what hands do
Case #15: whoooooooooooooooooooaaaaaaaaa i know c plus plus
Case #16: now that you know googlerese please do not use it to hack into our systems
Case #17: thank you but the real googlerese is in another castle
Case #18: you want sell things at me boing zooom
Case #19: you better cut the pizza in four pieces because im not hungry enough to eat six
Case #20: why do programmers always mix up halloween and christmas
Case #21: translating text is not goros strength
Case #22: strength is goros strength
Case #23: for those who speak in a tongue do not speak to other people
Case #24: nobody understands them since they are speaking mysteries in the spirit
Case #25: each of us has his own special gift and you know this was meant to be true
Case #26: and if you dont underestimate me i wont underestimate you
Case #27: greetings cheese popsicle the number you have dialed is currently out of porkchops
Case #28: f of two equals f of one equals one
Case #29: for i between three and n f of i equals f of i minus one plus f of i minus two
Case #30: my name is dug i have just met you and i looove you
